<?xml version="1.0" encoding="UTF-8" ?>
<testsuite failures="0" time="0.053" errors="0" skipped="0" tests="9" name="org.craftedsw.domain.test.AmountTest">
  <properties>
    <property name="java.runtime.name" value="Java(TM) SE Runtime Environment"/>
    <property name="sun.boot.library.path" value="/System/Library/Java/JavaVirtualMachines/1.6.0.jdk/Contents/Libraries"/>
    <property name="java.vm.version" value="20.4-b02-402"/>
    <property name="awt.nativeDoubleBuffering" value="true"/>
    <property name="gopherProxySet" value="false"/>
    <property name="mrj.build" value="11M3527"/>
    <property name="java.vm.vendor" value="Apple Inc."/>
    <property name="java.vendor.url" value="http://www.apple.com/"/>
    <property name="path.separator" value=":"/>
    <property name="java.vm.name" value="Java HotSpot(TM) 64-Bit Server VM"/>
    <property name="file.encoding.pkg" value="sun.io"/>
    <property name="user.country" value="US"/>
    <property name="sun.java.launcher" value="SUN_STANDARD"/>
    <property name="sun.os.patch.level" value="unknown"/>
    <property name="java.vm.specification.name" value="Java Virtual Machine Specification"/>
    <property name="user.dir" value="/Users/sandromancuso/development/projects/java/bankkata_jbehave"/>
    <property name="java.runtime.version" value="1.6.0_29-b11-402-11M3527"/>
    <property name="java.awt.graphicsenv" value="apple.awt.CGraphicsEnvironment"/>
    <property name="basedir" value="/Users/sandromancuso/development/projects/java/bankkata_jbehave"/>
    <property name="java.endorsed.dirs" value="/System/Library/Java/JavaVirtualMachines/1.6.0.jdk/Contents/Home/lib/endorsed"/>
    <property name="os.arch" value="x86_64"/>
    <property name="java.io.tmpdir" value="/var/folders/v1/0r5tdhx51yq7rs26dt3cgb000000gn/T/"/>
    <property name="line.separator" value="
"/>
    <property name="java.vm.specification.vendor" value="Sun Microsystems Inc."/>
    <property name="os.name" value="Mac OS X"/>
    <property name="sun.jnu.encoding" value="MacRoman"/>
    <property name="java.library.path" value=".:/Library/Java/Extensions:/System/Library/Java/Extensions:/usr/lib/java"/>
    <property name="surefire.test.class.path" value="/Users/sandromancuso/development/projects/java/bankkata_jbehave/target/test-classes:/Users/sandromancuso/development/projects/java/bankkata_jbehave/target/classes:/Users/sandromancuso/.m2/repository/org/hamcrest/hamcrest-core/1.3.RC2/hamcrest-core-1.3.RC2.jar:/Users/sandromancuso/.m2/repository/org/hamcrest/hamcrest-library/1.3.RC2/hamcrest-library-1.3.RC2.jar:/Users/sandromancuso/.m2/repository/junit/junit/4.10/junit-4.10.jar:/Users/sandromancuso/.m2/repository/org/mockito/mockito-all/1.9.0-rc1/mockito-all-1.9.0-rc1.jar:/Users/sandromancuso/.m2/repository/junit/junit-dep/4.8.2/junit-dep-4.8.2.jar:/Users/sandromancuso/.m2/repository/org/hamcrest/hamcrest-integration/1.1/hamcrest-integration-1.1.jar:/Users/sandromancuso/.m2/repository/commons-collections/commons-collections/3.2.1/commons-collections-3.2.1.jar:/Users/sandromancuso/.m2/repository/commons-io/commons-io/1.4/commons-io-1.4.jar:/Users/sandromancuso/.m2/repository/commons-lang/commons-lang/2.5/commons-lang-2.5.jar:/Users/sandromancuso/.m2/repository/org/codehaus/plexus/plexus-utils/2.0.5/plexus-utils-2.0.5.jar:/Users/sandromancuso/.m2/repository/org/freemarker/freemarker/2.3.16/freemarker-2.3.16.jar:/Users/sandromancuso/.m2/repository/com/thoughtworks/paranamer/paranamer/2.4/paranamer-2.4.jar:/Users/sandromancuso/.m2/repository/com/thoughtworks/xstream/xstream/1.3.1/xstream-1.3.1.jar:/Users/sandromancuso/.m2/repository/xpp3/xpp3_min/1.1.4c/xpp3_min-1.1.4c.jar:/Users/sandromancuso/.m2/repository/org/jbehave/web/jbehave-web-selenium/3.4.3/jbehave-web-selenium-3.4.3.jar:/Users/sandromancuso/.m2/repository/org/jbehave/jbehave-core/3.5.4/jbehave-core-3.5.4.jar:/Users/sandromancuso/.m2/repository/org/seleniumhq/selenium/fluent/fluent-selenium/1.0-beta-4/fluent-selenium-1.0-beta-4.jar:/Users/sandromancuso/.m2/repository/org/seleniumhq/selenium/selenium-java/2.17.0/selenium-java-2.17.0.jar:/Users/sandromancuso/.m2/repository/org/seleniumhq/selenium/selenium-android-driver/2.17.0/selenium-android-driver-2.17.0.jar:/Users/sandromancuso/.m2/repository/org/seleniumhq/selenium/selenium-remote-driver/2.17.0/selenium-remote-driver-2.17.0.jar:/Users/sandromancuso/.m2/repository/cglib/cglib-nodep/2.1_3/cglib-nodep-2.1_3.jar:/Users/sandromancuso/.m2/repository/org/json/json/20080701/json-20080701.jar:/Users/sandromancuso/.m2/repository/com/google/guava/guava/10.0.1/guava-10.0.1.jar:/Users/sandromancuso/.m2/repository/com/google/code/findbugs/jsr305/1.3.9/jsr305-1.3.9.jar:/Users/sandromancuso/.m2/repository/org/seleniumhq/selenium/selenium-chrome-driver/2.17.0/selenium-chrome-driver-2.17.0.jar:/Users/sandromancuso/.m2/repository/org/seleniumhq/selenium/selenium-htmlunit-driver/2.17.0/selenium-htmlunit-driver-2.17.0.jar:/Users/sandromancuso/.m2/repository/org/seleniumhq/selenium/selenium-api/2.17.0/selenium-api-2.17.0.jar:/Users/sandromancuso/.m2/repository/net/sourceforge/htmlunit/htmlunit/2.9/htmlunit-2.9.jar:/Users/sandromancuso/.m2/repository/xalan/xalan/2.7.1/xalan-2.7.1.jar:/Users/sandromancuso/.m2/repository/xalan/serializer/2.7.1/serializer-2.7.1.jar:/Users/sandromancuso/.m2/repository/org/apache/httpcomponents/httpmime/4.1.2/httpmime-4.1.2.jar:/Users/sandromancuso/.m2/repository/commons-codec/commons-codec/1.4/commons-codec-1.4.jar:/Users/sandromancuso/.m2/repository/net/sourceforge/htmlunit/htmlunit-core-js/2.9/htmlunit-core-js-2.9.jar:/Users/sandromancuso/.m2/repository/xerces/xercesImpl/2.9.1/xercesImpl-2.9.1.jar:/Users/sandromancuso/.m2/repository/xml-apis/xml-apis/1.3.04/xml-apis-1.3.04.jar:/Users/sandromancuso/.m2/repository/net/sourceforge/nekohtml/nekohtml/1.9.15/nekohtml-1.9.15.jar:/Users/sandromancuso/.m2/repository/net/sourceforge/cssparser/cssparser/0.9.5/cssparser-0.9.5.jar:/Users/sandromancuso/.m2/repository/org/w3c/css/sac/1.3/sac-1.3.jar:/Users/sandromancuso/.m2/repository/org/apache/httpcomponents/httpclient/4.1.2/httpclient-4.1.2.jar:/Users/sandromancuso/.m2/repository/org/apache/httpcomponents/httpcore/4.1.2/httpcore-4.1.2.jar:/Users/sandromancuso/.m2/repository/org/seleniumhq/selenium/selenium-firefox-driver/2.17.0/selenium-firefox-driver-2.17.0.jar:/Users/sandromancuso/.m2/repository/org/apache/commons/commons-exec/1.1/commons-exec-1.1.jar:/Users/sandromancuso/.m2/repository/org/seleniumhq/selenium/selenium-ie-driver/2.17.0/selenium-ie-driver-2.17.0.jar:/Users/sandromancuso/.m2/repository/net/java/dev/jna/jna/3.4.0/jna-3.4.0.jar:/Users/sandromancuso/.m2/repository/net/java/dev/jna/platform/3.4.0/platform-3.4.0.jar:/Users/sandromancuso/.m2/repository/org/seleniumhq/selenium/selenium-iphone-driver/2.17.0/selenium-iphone-driver-2.17.0.jar:/Users/sandromancuso/.m2/repository/org/seleniumhq/selenium/selenium-support/2.17.0/selenium-support-2.17.0.jar:/Users/sandromancuso/.m2/repository/org/jbehave/jbehave-spring/3.5.4/jbehave-spring-3.5.4.jar:/Users/sandromancuso/.m2/repository/org/springframework/spring-test/3.0.5.RELEASE/spring-test-3.0.5.RELEASE.jar:/Users/sandromancuso/.m2/repository/org/springframework/spring-beans/3.0.5.RELEASE/spring-beans-3.0.5.RELEASE.jar:/Users/sandromancuso/.m2/repository/org/springframework/spring-core/3.0.5.RELEASE/spring-core-3.0.5.RELEASE.jar:/Users/sandromancuso/.m2/repository/org/springframework/spring-asm/3.0.5.RELEASE/spring-asm-3.0.5.RELEASE.jar:/Users/sandromancuso/.m2/repository/commons-logging/commons-logging/1.1.1/commons-logging-1.1.1.jar:/Users/sandromancuso/.m2/repository/org/springframework/spring-context/3.0.5.RELEASE/spring-context-3.0.5.RELEASE.jar:/Users/sandromancuso/.m2/repository/org/springframework/spring-aop/3.0.5.RELEASE/spring-aop-3.0.5.RELEASE.jar:/Users/sandromancuso/.m2/repository/aopalliance/aopalliance/1.0/aopalliance-1.0.jar:/Users/sandromancuso/.m2/repository/org/springframework/spring-expression/3.0.5.RELEASE/spring-expression-3.0.5.RELEASE.jar:"/>
    <property name="java.specification.name" value="Java Platform API Specification"/>
    <property name="java.class.version" value="50.0"/>
    <property name="sun.management.compiler" value="HotSpot 64-Bit Tiered Compilers"/>
    <property name="os.version" value="10.7.2"/>
    <property name="http.nonProxyHosts" value="local|*.local|169.254/16|*.169.254/16"/>
    <property name="user.home" value="/Users/sandromancuso"/>
    <property name="user.timezone" value=""/>
    <property name="java.awt.printerjob" value="apple.awt.CPrinterJob"/>
    <property name="java.specification.version" value="1.6"/>
    <property name="file.encoding" value="MacRoman"/>
    <property name="user.name" value="sandromancuso"/>
    <property name="java.class.path" value="/Users/sandromancuso/development/projects/java/bankkata_jbehave/target/surefire/surefirebooter3957250857476493865.jar"/>
    <property name="java.vm.specification.version" value="1.0"/>
    <property name="sun.arch.data.model" value="64"/>
    <property name="java.home" value="/System/Library/Java/JavaVirtualMachines/1.6.0.jdk/Contents/Home"/>
    <property name="sun.java.command" value="/Users/sandromancuso/development/projects/java/bankkata_jbehave/target/surefire/surefirebooter3957250857476493865.jar /Users/sandromancuso/development/projects/java/bankkata_jbehave/target/surefire/surefire9086459156397878138tmp /Users/sandromancuso/development/projects/java/bankkata_jbehave/target/surefire/surefire1498509145106887481tmp"/>
    <property name="java.specification.vendor" value="Sun Microsystems Inc."/>
    <property name="user.language" value="en"/>
    <property name="awt.toolkit" value="apple.awt.CToolkit"/>
    <property name="java.vm.info" value="mixed mode"/>
    <property name="java.version" value="1.6.0_29"/>
    <property name="java.ext.dirs" value="/Library/Java/Extensions:/System/Library/Java/Extensions:/System/Library/Java/JavaVirtualMachines/1.6.0.jdk/Contents/Home/lib/ext"/>
    <property name="sun.boot.class.path" value="/System/Library/Java/JavaVirtualMachines/1.6.0.jdk/Contents/Classes/jsfd.jar:/System/Library/Java/JavaVirtualMachines/1.6.0.jdk/Contents/Classes/classes.jar:/System/Library/Frameworks/JavaVM.framework/Frameworks/JavaRuntimeSupport.framework/Resources/Java/JavaRuntimeSupport.jar:/System/Library/Java/JavaVirtualMachines/1.6.0.jdk/Contents/Classes/ui.jar:/System/Library/Java/JavaVirtualMachines/1.6.0.jdk/Contents/Classes/laf.jar:/System/Library/Java/JavaVirtualMachines/1.6.0.jdk/Contents/Classes/sunrsasign.jar:/System/Library/Java/JavaVirtualMachines/1.6.0.jdk/Contents/Classes/jsse.jar:/System/Library/Java/JavaVirtualMachines/1.6.0.jdk/Contents/Classes/jce.jar:/System/Library/Java/JavaVirtualMachines/1.6.0.jdk/Contents/Classes/charsets.jar"/>
    <property name="java.vendor" value="Apple Inc."/>
    <property name="localRepository" value="/Users/sandromancuso/.m2/repository"/>
    <property name="file.separator" value="/"/>
    <property name="java.vendor.url.bug" value="http://bugreport.apple.com/"/>
    <property name="sun.cpu.endian" value="little"/>
    <property name="sun.io.unicode.encoding" value="UnicodeLittle"/>
    <property name="mrj.version" value="1070.1.6.0_29-402"/>
    <property name="socksNonProxyHosts" value="local|*.local|169.254/16|*.169.254/16"/>
    <property name="ftp.nonProxyHosts" value="local|*.local|169.254/16|*.169.254/16"/>
    <property name="sun.cpu.isalist" value=""/>
  </properties>
  <testcase time="0.005" classname="org.craftedsw.domain.test.AmountTest" name="should_be_equal_to_another_instance_containing_same_amount"/>
  <testcase time="0" classname="org.craftedsw.domain.test.AmountTest" name="should_be_different_from_another_instance_containing_different_amount"/>
  <testcase time="0" classname="org.craftedsw.domain.test.AmountTest" name="should_statically_initialise_an_amount"/>
  <testcase time="0" classname="org.craftedsw.domain.test.AmountTest" name="should_sum_up_amounts"/>
  <testcase time="0" classname="org.craftedsw.domain.test.AmountTest" name="should_indicate_when_it_is_greater_than_other_amount"/>
  <testcase time="0.001" classname="org.craftedsw.domain.test.AmountTest" name="should_indicate_when_it_is_not_greater_than_other_amount"/>
  <testcase time="0" classname="org.craftedsw.domain.test.AmountTest" name="should_return_the_absolute_value"/>
  <testcase time="0" classname="org.craftedsw.domain.test.AmountTest" name="should_return_the_negative_value"/>
  <testcase time="0.001" classname="org.craftedsw.domain.test.AmountTest" name="should_return_money_representation"/>
</testsuite>